ProjectModul3/praktikum11/build/intermediates/manifest_merge_blame_file/debug/manifest-merger-blame-debug-report.txt
1<?xml version="1.0" encoding="utf-8"?>
2<manifest xmlns:android="http://schemas.android.com/apk/res/android"
3    package="com.dimas_19102004.praktikum11"
4    android:versionCode="1"
5    android:versionName="1.0" >
6
7    <uses-sdk
8        android:minSdkVersion="21"
8-->src\main\AndroidManifest.xml
9        android:targetSdkVersion="32" />
9-->src\main\AndroidManifest.xml
10
11    <uses-permission android:name="android.permission.INTERNET" />
11-->[com.google.firebase:firebase-auth:20.0.1] AndroidManifest.xml:23:5-67
11-->[com.google.firebase:firebase-auth:20.0.1] AndroidManifest.xml:23:22-64
12    <uses-permission android:name="android.permission.ACCESS_NETWORK_STATE" />
12-->[com.google.firebase:firebase-auth:20.0.1] AndroidManifest.xml:24:5-79
12-->[com.google.firebase:firebase-auth:20.0.1] AndroidManifest.xml:24:22-76
13
14    <application
14-->src\main\AndroidManifest.xml:5:5-36:19
15        android:allowBackup="true"
15-->src\main\AndroidManifest.xml:6:9-35
16        android:appComponentFactory="androidx.core.app.CoreComponentFactory"
16-->[androidx.core:core:1.7.0] AndroidManifest.xml:24:18-86
17        android:debuggable="true"
18        android:icon="@mipmap/ic_launcher"
18-->src\main\AndroidManifest.xml:7:9-43
19        android:label="@string/app_name"
19-->src\main\AndroidManifest.xml:8:9-41
20        android:roundIcon="@mipmap/ic_launcher_round"
20-->src\main\AndroidManifest.xml:9:9-54
21        android:supportsRtl="true"
21-->src\main\AndroidManifest.xml:10:9-35
22        android:theme="@style/Theme.ProjectModul3" >
22-->src\main\AndroidManifest.xml:11:9-51
23        <activity
23-->src\main\AndroidManifest.xml:12:9-14:40
24            android:name="com.dimas_19102004.praktikum11.PhoneAuthActivity"
24-->src\main\AndroidManifest.xml:13:13-46
25            android:exported="false" />
25-->src\main\AndroidManifest.xml:14:13-37
26        <activity
26-->src\main\AndroidManifest.xml:15:9-17:40
27            android:name="com.dimas_19102004.praktikum11.QuoteAddUpdateActivity"
27-->src\main\AndroidManifest.xml:16:13-51
28            android:exported="false" />
28-->src\main\AndroidManifest.xml:17:13-37
29        <activity
29-->src\main\AndroidManifest.xml:18:9-20:40
30            android:name="com.dimas_19102004.praktikum11.DashboardQuoteActivity"
30-->src\main\AndroidManifest.xml:19:13-51
31            android:exported="false" />
31-->src\main\AndroidManifest.xml:20:13-37
32        <activity
32-->src\main\AndroidManifest.xml:21:9-23:40
33            android:name="com.dimas_19102004.praktikum11.SignUpActivity"
33-->src\main\AndroidManifest.xml:22:13-43
34            android:exported="false" />
34-->src\main\AndroidManifest.xml:23:13-37
35        <activity
35-->src\main\AndroidManifest.xml:24:9-26:40
36            android:name="com.dimas_19102004.praktikum11.SignInActivity"
36-->src\main\AndroidManifest.xml:25:13-43
37            android:exported="false" />
37-->src\main\AndroidManifest.xml:26:13-37
38        <activity
38-->src\main\AndroidManifest.xml:27:9-35:20
39            android:name="com.dimas_19102004.praktikum11.MainActivity"
39-->src\main\AndroidManifest.xml:28:13-41
40            android:exported="true" >
40-->src\main\AndroidManifest.xml:29:13-36
41            <intent-filter>
41-->src\main\AndroidManifest.xml:30:13-34:29
42                <action android:name="android.intent.action.MAIN" />
42-->src\main\AndroidManifest.xml:31:17-69
42-->src\main\AndroidManifest.xml:31:25-66
43
44                <category android:name="android.intent.category.LAUNCHER" />
44-->src\main\AndroidManifest.xml:33:17-77
44-->src\main\AndroidManifest.xml:33:27-74
45            </intent-filter>
46        </activity>
47
48        <service
48-->[com.google.firebase:firebase-auth-ktx:20.0.1] AndroidManifest.xml:8:9-14:19
49            android:name="com.google.firebase.components.ComponentDiscoveryService"
49-->[com.google.firebase:firebase-auth-ktx:20.0.1] AndroidManifest.xml:9:13-84
50            android:directBootAware="true"
50-->[com.google.firebase:firebase-common:19.5.0] AndroidManifest.xml:35:13-43
51            android:exported="false" >
51-->[com.google.firebase:firebase-auth-ktx:20.0.1] AndroidManifest.xml:10:13-37
52            <meta-data
52-->[com.google.firebase:firebase-auth-ktx:20.0.1] AndroidManifest.xml:11:13-13:85
53                android:name="com.google.firebase.components:com.google.firebase.auth.ktx.FirebaseAuthKtxRegistrar"
53-->[com.google.firebase:firebase-auth-ktx:20.0.1] AndroidManifest.xml:12:17-116
54                android:value="com.google.firebase.components.ComponentRegistrar" />
54-->[com.google.firebase:firebase-auth-ktx:20.0.1] AndroidManifest.xml:13:17-82
55            <meta-data
55-->[com.google.firebase:firebase-auth:20.0.1] AndroidManifest.xml:77:13-79:85
56                android:name="com.google.firebase.components:com.google.firebase.auth.FirebaseAuthRegistrar"
56-->[com.google.firebase:firebase-auth:20.0.1] AndroidManifest.xml:78:17-109
57                android:value="com.google.firebase.components.ComponentRegistrar" />
57-->[com.google.firebase:firebase-auth:20.0.1] AndroidManifest.xml:79:17-82
58            <meta-data
58-->[com.google.firebase:firebase-firestore-ktx:22.0.1] AndroidManifest.xml:15:13-17:85
59                android:name="com.google.firebase.components:com.google.firebase.firestore.ktx.FirebaseFirestoreKtxRegistrar"
59-->[com.google.firebase:firebase-firestore-ktx:22.0.1] AndroidManifest.xml:16:17-126
60                android:value="com.google.firebase.components.ComponentRegistrar" />
60-->[com.google.firebase:firebase-firestore-ktx:22.0.1] AndroidManifest.xml:17:17-82
61            <meta-data
61-->[com.google.firebase:firebase-firestore:22.0.1] AndroidManifest.xml:20:13-22:85
62                android:name="com.google.firebase.components:com.google.firebase.firestore.FirestoreRegistrar"
62-->[com.google.firebase:firebase-firestore:22.0.1] AndroidManifest.xml:21:17-111
63                android:value="com.google.firebase.components.ComponentRegistrar" />
63-->[com.google.firebase:firebase-firestore:22.0.1] AndroidManifest.xml:22:17-82
64            <meta-data
64-->[com.google.firebase:firebase-common-ktx:19.5.0] AndroidManifest.xml:15:13-17:85
65                android:name="com.google.firebase.components:com.google.firebase.ktx.FirebaseCommonKtxRegistrar"
65-->[com.google.firebase:firebase-common-ktx:19.5.0] AndroidManifest.xml:16:17-113
66                android:value="com.google.firebase.components.ComponentRegistrar" />
66-->[com.google.firebase:firebase-common-ktx:19.5.0] AndroidManifest.xml:17:17-82
67            <!--
68                This registrar is not defined in the dynamic-module-support sdk itself to allow non-firebase
69                clients to use it as well, by defining this registrar in their own core/common library.
70            -->
71            <meta-data
71-->[com.google.firebase:firebase-common:19.5.0] AndroidManifest.xml:43:13-45:85
72                android:name="com.google.firebase.components:com.google.firebase.dynamicloading.DynamicLoadingRegistrar"
72-->[com.google.firebase:firebase-common:19.5.0] AndroidManifest.xml:44:17-121
73                android:value="com.google.firebase.components.ComponentRegistrar" />
73-->[com.google.firebase:firebase-common:19.5.0] AndroidManifest.xml:45:17-82
74        </service>
75
76        <activity
76-->[com.google.firebase:firebase-auth:20.0.1] AndroidManifest.xml:27:9-44:20
77            android:name="com.google.firebase.auth.internal.GenericIdpActivity"
77-->[com.google.firebase:firebase-auth:20.0.1] AndroidManifest.xml:28:13-80
78            android:excludeFromRecents="true"
78-->[com.google.firebase:firebase-auth:20.0.1] AndroidManifest.xml:29:13-46
79            android:exported="true"
79-->[com.google.firebase:firebase-auth:20.0.1] AndroidManifest.xml:30:13-36
80            android:launchMode="singleTask"
80-->[com.google.firebase:firebase-auth:20.0.1] AndroidManifest.xml:31:13-44
81            android:theme="@android:style/Theme.Translucent.NoTitleBar" >
81-->[com.google.firebase:firebase-auth:20.0.1] AndroidManifest.xml:32:13-72
82            <intent-filter>
82-->[com.google.firebase:firebase-auth:20.0.1] AndroidManifest.xml:33:13-43:29
83                <action android:name="android.intent.action.VIEW" />
83-->[com.google.firebase:firebase-auth:20.0.1] AndroidManifest.xml:34:17-69
83-->[com.google.firebase:firebase-auth:20.0.1] AndroidManifest.xml:34:25-66
84
85                <category android:name="android.intent.category.DEFAULT" />
85-->[com.google.firebase:firebase-auth:20.0.1] AndroidManifest.xml:36:17-76
85-->[com.google.firebase:firebase-auth:20.0.1] AndroidManifest.xml:36:27-73
86                <category android:name="android.intent.category.BROWSABLE" />
86-->[com.google.firebase:firebase-auth:20.0.1] AndroidManifest.xml:37:17-78
86-->[com.google.firebase:firebase-auth:20.0.1] AndroidManifest.xml:37:27-75
87
88                <data
88-->[com.google.firebase:firebase-auth:20.0.1] AndroidManifest.xml:39:17-42:51
89                    android:host="firebase.auth"
89-->[com.google.firebase:firebase-auth:20.0.1] AndroidManifest.xml:40:21-49
90                    android:path="/"
90-->[com.google.firebase:firebase-auth:20.0.1] AndroidManifest.xml:41:21-37
91                    android:scheme="genericidp" />
91-->[com.google.firebase:firebase-auth:20.0.1] AndroidManifest.xml:42:21-48
92            </intent-filter>
93        </activity>
94        <activity
94-->[com.google.firebase:firebase-auth:20.0.1] AndroidManifest.xml:45:9-62:20
95            android:name="com.google.firebase.auth.internal.RecaptchaActivity"
95-->[com.google.firebase:firebase-auth:20.0.1] AndroidManifest.xml:46:13-79
96            android:excludeFromRecents="true"
96-->[com.google.firebase:firebase-auth:20.0.1] AndroidManifest.xml:47:13-46
97            android:exported="true"
97-->[com.google.firebase:firebase-auth:20.0.1] AndroidManifest.xml:48:13-36
98            android:launchMode="singleTask"
98-->[com.google.firebase:firebase-auth:20.0.1] AndroidManifest.xml:49:13-44
99            android:theme="@android:style/Theme.Translucent.NoTitleBar" >
99-->[com.google.firebase:firebase-auth:20.0.1] AndroidManifest.xml:50:13-72
100            <intent-filter>
100-->[com.google.firebase:firebase-auth:20.0.1] AndroidManifest.xml:51:13-61:29
101                <action android:name="android.intent.action.VIEW" />
101-->[com.google.firebase:firebase-auth:20.0.1] AndroidManifest.xml:34:17-69
101-->[com.google.firebase:firebase-auth:20.0.1] AndroidManifest.xml:34:25-66
102
103                <category android:name="android.intent.category.DEFAULT" />
103-->[com.google.firebase:firebase-auth:20.0.1] AndroidManifest.xml:36:17-76
103-->[com.google.firebase:firebase-auth:20.0.1] AndroidManifest.xml:36:27-73
104                <category android:name="android.intent.category.BROWSABLE" />
104-->[com.google.firebase:firebase-auth:20.0.1] AndroidManifest.xml:37:17-78
104-->[com.google.firebase:firebase-auth:20.0.1] AndroidManifest.xml:37:27-75
105
106                <data
106-->[com.google.firebase:firebase-auth:20.0.1] AndroidManifest.xml:39:17-42:51
107                    android:host="firebase.auth"
107-->[com.google.firebase:firebase-auth:20.0.1] AndroidManifest.xml:40:21-49
108                    android:path="/"
108-->[com.google.firebase:firebase-auth:20.0.1] AndroidManifest.xml:41:21-37
109                    android:scheme="recaptcha" />
109-->[com.google.firebase:firebase-auth:20.0.1] AndroidManifest.xml:42:21-48
110            </intent-filter>
111        </activity>
112
113        <service
113-->[com.google.firebase:firebase-auth:20.0.1] AndroidManifest.xml:64:9-73:19
114            android:name="com.google.firebase.auth.api.fallback.service.FirebaseAuthFallbackService"
114-->[com.google.firebase:firebase-auth:20.0.1] AndroidManifest.xml:65:13-101
115            android:enabled="true"
115-->[com.google.firebase:firebase-auth:20.0.1] AndroidManifest.xml:66:13-35
116            android:exported="false" >
116-->[com.google.firebase:firebase-auth:20.0.1] AndroidManifest.xml:67:13-37
117            <intent-filter>
117-->[com.google.firebase:firebase-auth:20.0.1] AndroidManifest.xml:68:13-72:29
118                <action android:name="com.google.firebase.auth.api.gms.service.START" />
118-->[com.google.firebase:firebase-auth:20.0.1] AndroidManifest.xml:69:17-89
118-->[com.google.firebase:firebase-auth:20.0.1] AndroidManifest.xml:69:25-86
119
120                <category android:name="android.intent.category.DEFAULT" />
120-->[com.google.firebase:firebase-auth:20.0.1] AndroidManifest.xml:36:17-76
120-->[com.google.firebase:firebase-auth:20.0.1] AndroidManifest.xml:36:27-73
121            </intent-filter>
122        </service>
123
124        <activity
124-->[com.google.android.gms:play-services-auth:19.0.0] AndroidManifest.xml:23:9-27:75
125            android:name="com.google.android.gms.auth.api.signin.internal.SignInHubActivity"
125-->[com.google.android.gms:play-services-auth:19.0.0] AndroidManifest.xml:24:13-93
126            android:excludeFromRecents="true"
126-->[com.google.android.gms:play-services-auth:19.0.0] AndroidManifest.xml:25:13-46
127            android:exported="false"
127-->[com.google.android.gms:play-services-auth:19.0.0] AndroidManifest.xml:26:13-37
128            android:theme="@android:style/Theme.Translucent.NoTitleBar" />
128-->[com.google.android.gms:play-services-auth:19.0.0] AndroidManifest.xml:27:13-72
129        <!--
130            Service handling Google Sign-In user revocation. For apps that do not integrate with
131            Google Sign-In, this service will never be started.
132        -->
133        <service
133-->[com.google.android.gms:play-services-auth:19.0.0] AndroidManifest.xml:33:9-37:51
134            android:name="com.google.android.gms.auth.api.signin.RevocationBoundService"
134-->[com.google.android.gms:play-services-auth:19.0.0] AndroidManifest.xml:34:13-89
135            android:exported="true"
135-->[com.google.android.gms:play-services-auth:19.0.0] AndroidManifest.xml:35:13-36
136            android:permission="com.google.android.gms.auth.api.signin.permission.REVOCATION_NOTIFICATION"
136-->[com.google.android.gms:play-services-auth:19.0.0] AndroidManifest.xml:36:13-107
137            android:visibleToInstantApps="true" />
137-->[com.google.android.gms:play-services-auth:19.0.0] AndroidManifest.xml:37:13-48
138
139        <provider
139-->[com.google.firebase:firebase-common:19.5.0] AndroidManifest.xml:26:9-31:39
140            android:name="com.google.firebase.provider.FirebaseInitProvider"
140-->[com.google.firebase:firebase-common:19.5.0] AndroidManifest.xml:27:13-77
141            android:authorities="com.dimas_19102004.praktikum11.firebaseinitprovider"
141-->[com.google.firebase:firebase-common:19.5.0] AndroidManifest.xml:28:13-72
142            android:directBootAware="true"
142-->[com.google.firebase:firebase-common:19.5.0] AndroidManifest.xml:29:13-43
143            android:exported="false"
143-->[com.google.firebase:firebase-common:19.5.0] AndroidManifest.xml:30:13-37
144            android:initOrder="100" />
144-->[com.google.firebase:firebase-common:19.5.0] AndroidManifest.xml:31:13-36
145
146        <activity
146-->[com.google.android.gms:play-services-base:17.1.0] AndroidManifest.xml:23:9-26:75
147            android:name="com.google.android.gms.common.api.GoogleApiActivity"
147-->[com.google.android.gms:play-services-base:17.1.0] AndroidManifest.xml:24:13-79
148            android:exported="false"
148-->[com.google.android.gms:play-services-base:17.1.0] AndroidManifest.xml:25:13-37
149            android:theme="@android:style/Theme.Translucent.NoTitleBar" />
149-->[com.google.android.gms:play-services-base:17.1.0] AndroidManifest.xml:26:13-72
150
151        <meta-data
151-->[com.google.android.gms:play-services-basement:17.1.1] AndroidManifest.xml:23:9-25:69
152            android:name="com.google.android.gms.version"
152-->[com.google.android.gms:play-services-basement:17.1.1] AndroidManifest.xml:24:13-58
153            android:value="@integer/google_play_services_version" />
153-->[com.google.android.gms:play-services-basement:17.1.1] AndroidManifest.xml:25:13-66
154
155        <provider
155-->[androidx.emoji2:emoji2:1.0.0] AndroidManifest.xml:26:9-34:20
156            android:name="androidx.startup.InitializationProvider"
156-->[androidx.emoji2:emoji2:1.0.0] AndroidManifest.xml:27:13-67
157            android:authorities="com.dimas_19102004.praktikum11.androidx-startup"
157-->[androidx.emoji2:emoji2:1.0.0] AndroidManifest.xml:28:13-68
158            android:exported="false" >
158-->[androidx.emoji2:emoji2:1.0.0] AndroidManifest.xml:29:13-37
159            <meta-data
159-->[androidx.emoji2:emoji2:1.0.0] AndroidManifest.xml:31:13-33:52
160                android:name="androidx.emoji2.text.EmojiCompatInitializer"
160-->[androidx.emoji2:emoji2:1.0.0] AndroidManifest.xml:32:17-75
161                android:value="androidx.startup" />
161-->[androidx.emoji2:emoji2:1.0.0] AndroidManifest.xml:33:17-49
162            <meta-data
162-->[androidx.lifecycle:lifecycle-process:2.4.0] AndroidManifest.xml:31:13-33:52
163                android:name="androidx.lifecycle.ProcessLifecycleInitializer"
163-->[androidx.lifecycle:lifecycle-process:2.4.0] AndroidManifest.xml:32:17-78
164                android:value="androidx.startup" />
164-->[androidx.lifecycle:lifecycle-process:2.4.0] AndroidManifest.xml:33:17-49
165        </provider>
166    </application>
167
168</manifest>